<?xml version="1.0" encoding="UTF-8" ?>
<testsuite errors="0" failures="0" hostname="BELC02R96JRG8WN.sea.corp.expecn.com" name="functional.BookControllerFunctionalSpec" tests="1" time="0.263" timestamp="2016-09-28T19:31:07">
  <properties />
  <testcase classname="functional.BookControllerFunctionalSpec" name="test creating a book" time="0.262" />
  <system-out><![CDATA[--Output from test creating a book--
]]></system-out>
  <system-err><![CDATA[--Output from test creating a book--
]]></system-err>
</testsuite>
